c:\users\nishanth.000\desktop\gui practise\wxbits\wxbits\x64\release\vc143.pdb
c:\users\nishanth.000\desktop\gui practise\wxbits\wxbits\x64\release\wxbitsstatusbar.obj
c:\users\nishanth.000\desktop\gui practise\wxbits\wxbits\x64\release\wxbitsapp.obj
c:\users\nishanth.000\desktop\gui practise\wxbits\wxbits\x64\release\wbitsproperties.obj
c:\users\nishanth.000\desktop\gui practise\wxbits\wxbits\x64\release\mainframe.obj
c:\users\nishanth.000\desktop\gui practise\wxbits\wxbits\x64\release\appglobals.obj
c:\users\nishanth.000\desktop\gui practise\wxbits\wxbits\x64\release\abtdlg.obj
c:\users\nishanth.000\desktop\gui practise\wxbits\wxbits\x64\release\simulator.obj
c:\users\nishanth.000\desktop\gui practise\wxbits\wxbits\x64\release\wxbits.exe
c:\users\nishanth.000\desktop\gui practise\wxbits\wxbits\x64\release\wxbits.pdb
c:\users\nishanth.000\desktop\gui practise\wxbits\wxbits\x64\release\resource.res
c:\users\nishanth.000\desktop\gui practise\wxbits\wxbits\x64\release\wxbits.ipdb
c:\users\nishanth.000\desktop\gui practise\wxbits\wxbits\x64\release\wxbits.iobj
c:\users\nishanth.000\desktop\gui practise\wxbits\wxbits\x64\release\wxbase315u_vc_custom.dll
c:\users\nishanth.000\desktop\gui practise\wxbits\wxbits\x64\release\zlib1.dll
c:\users\nishanth.000\desktop\gui practise\wxbits\wxbits\x64\release\wxbase315u_net_vc_custom.dll
c:\users\nishanth.000\desktop\gui practise\wxbits\wxbits\x64\release\wxmsw315u_core_vc_custom.dll
c:\users\nishanth.000\desktop\gui practise\wxbits\wxbits\x64\release\jpeg62.dll
c:\users\nishanth.000\desktop\gui practise\wxbits\wxbits\x64\release\libpng16.dll
c:\users\nishanth.000\desktop\gui practise\wxbits\wxbits\x64\release\tiff.dll
c:\users\nishanth.000\desktop\gui practise\wxbits\wxbits\x64\release\lzma.dll
c:\users\nishanth.000\desktop\gui practise\wxbits\wxbits\x64\release\wxmsw315u_stc_vc_custom.dll
c:\users\nishanth.000\desktop\gui practise\wxbits\wxbits\x64\release\wxbits.tlog\cl.command.1.tlog
c:\users\nishanth.000\desktop\gui practise\wxbits\wxbits\x64\release\wxbits.tlog\cl.read.1.tlog
c:\users\nishanth.000\desktop\gui practise\wxbits\wxbits\x64\release\wxbits.tlog\cl.write.1.tlog
c:\users\nishanth.000\desktop\gui practise\wxbits\wxbits\x64\release\wxbits.tlog\link.command.1.tlog
c:\users\nishanth.000\desktop\gui practise\wxbits\wxbits\x64\release\wxbits.tlog\link.read.1.tlog
c:\users\nishanth.000\desktop\gui practise\wxbits\wxbits\x64\release\wxbits.tlog\link.write.1.tlog
c:\users\nishanth.000\desktop\gui practise\wxbits\wxbits\x64\release\wxbits.tlog\rc.command.1.tlog
c:\users\nishanth.000\desktop\gui practise\wxbits\wxbits\x64\release\wxbits.tlog\rc.read.1.tlog
c:\users\nishanth.000\desktop\gui practise\wxbits\wxbits\x64\release\wxbits.tlog\rc.write.1.tlog
c:\users\nishanth.000\desktop\gui practise\wxbits\wxbits\x64\release\wxbits.tlog\wxbits.write.1u.tlog
